2026-06-10T05:41:29: 
> portfolio@0.1.0 start
> next start

2026-06-10T05:42:49: 
> portfolio@0.1.0 start
> next start

2026-06-10T06:13:15: 2026-06-10T06:13:15: 
> portfolio@0.1.0 start
> next start

2026-06-10T06:26:24: 2026-06-10T06:26:25: 
> portfolio@0.1.0 start
> next start

2026-06-10T06:34:56: 2026-06-10T06:34:57: 
> portfolio@0.1.0 start
> next start

2026-06-10T06:40:15: 2026-06-10T06:40:15: 2026-06-10T06:40:16: 
> portfolio@0.1.0 start
> next start

2026-06-10T06:45:53: 2026-06-10T06:45:53: 2026-06-10T06:45:54: 
> portfolio@0.1.0 start
> next start

2026-06-10T07:08:21: 2026-06-10T07:08:21: 2026-06-10T07:08:22: 
> portfolio@0.1.0 start
> next start

